<?xml version="1.0" encoding="UTF-8"?>
<testsuite name="com.example.task05.Tests" tests="1" skipped="0" failures="0" errors="0" timestamp="2023-11-09T18:39:29" hostname="usb" time="0.002">
  <properties/>
  <testcase name="testExample1" classname="com.example.task05.Tests" time="0.002"/>
  <system-out><![CDATA[]]></system-out>
  <system-err><![CDATA[]]></system-err>
</testsuite>
