<?xml version="1.0" encoding="UTF-8"?>
<testsuite name="com.example.task03.Tests" tests="6" skipped="0" failures="0" errors="0" timestamp="2023-11-03T19:37:37" hostname="usb" time="40.903">
  <properties/>
  <testcase name="testExample" classname="com.example.task03.Tests" time="3.794"/>
  <testcase name="testBig" classname="com.example.task03.Tests" time="36.931"/>
  <testcase name="testNPE" classname="com.example.task03.Tests" time="0.155"/>
  <testcase name="testEmpty" classname="com.example.task03.Tests" time="0.007"/>
  <testcase name="testNull" classname="com.example.task03.Tests" time="0.005"/>
  <testcase name="testString" classname="com.example.task03.Tests" time="0.005"/>
  <system-out><![CDATA[]]></system-out>
  <system-err><![CDATA[]]></system-err>
</testsuite>
